<?xml version="1.0" encoding="UTF-8"?>
<!-- Generated by org.testng.reporters.JUnitReportReporter -->
<testsuite hostname="LAPTOP-GDUDSSBR" failures="0" tests="1" name="testNG.StreamTest" time="0.006" errors="0" timestamp="2022-11-21T14:52:01 IST" skipped="0">
  <testcase classname="testNG.StreamTest" name="streamfliter" time="0.006"/>
  <system-out/>
</testsuite> <!-- testNG.StreamTest -->
