<?xml version="1.0" encoding="UTF-8"?>
<!-- Generated by org.testng.reporters.JUnitReportReporter -->
<testsuite hostname="LAPTOP-GDUDSSBR" failures="0" tests="2" name="testNG.TestMap" time="0.013" errors="0" timestamp="2022-11-21T16:09:27 IST" skipped="0">
  <testcase classname="testNG.TestMap" name="streamCollect" time="0.009"/>
  <system-out/>
  <testcase classname="testNG.TestMap" name="streamMap" time="0.004"/>
  <system-out/>
</testsuite> <!-- testNG.TestMap -->
